[0.015s] Invoking command in '/home/nvidia/april_tag/build/apriltag_ros': CMAKE_PREFIX_PATH=${CMAKE_PREFIX_PATH}:/home/nvidia/ros2_ws/install/cube_pose_fuser:/opt/ros/humble /usr/bin/cmake --build /home/nvidia/april_tag/build/apriltag_ros -- -j4 -l4
[0.081s] [ 20%] Built target tags
[0.087s] [ 60%] Built target apriltag_node
[0.087s] [ 60%] Built target conversion
[0.114s] [ 80%] Built target pose_estimation
[0.146s] [ 90%] [32mBuilding CXX object CMakeFiles/AprilTagNode.dir/src/AprilTagNode.cpp.o[0m
[7.585s] [100%] [32m[1mLinking CXX shared library libAprilTagNode.so[0m
[8.058s] [100%] Built target AprilTagNode
[8.071s] Invoked command in '/home/nvidia/april_tag/build/apriltag_ros' returned '0': CMAKE_PREFIX_PATH=${CMAKE_PREFIX_PATH}:/home/nvidia/ros2_ws/install/cube_pose_fuser:/opt/ros/humble /usr/bin/cmake --build /home/nvidia/april_tag/build/apriltag_ros -- -j4 -l4
[8.085s] Invoking command in '/home/nvidia/april_tag/build/apriltag_ros': CMAKE_PREFIX_PATH=${CMAKE_PREFIX_PATH}:/home/nvidia/ros2_ws/install/cube_pose_fuser:/opt/ros/humble /usr/bin/cmake --install /home/nvidia/april_tag/build/apriltag_ros
[8.097s] -- Install configuration: ""
[8.098s] -- Execute custom install script
[8.098s] -- Up-to-date symlink: /home/nvidia/april_tag/install/apriltag_ros/lib/apriltag_ros/apriltag_node
[8.098s] -- Up-to-date symlink: /home/nvidia/april_tag/install/apriltag_ros/share/apriltag_ros/environment/library_path.sh
[8.098s] -- Up-to-date symlink: /home/nvidia/april_tag/install/apriltag_ros/share/apriltag_ros/environment/library_path.dsv
[8.098s] -- Up-to-date symlink: /home/nvidia/april_tag/install/apriltag_ros/lib/libAprilTagNode.so
[8.099s] -- Up-to-date symlink: /home/nvidia/april_tag/install/apriltag_ros/share/apriltag_ros/cfg/tags_36h11.yaml
[8.100s] -- Up-to-date symlink: /home/nvidia/april_tag/install/apriltag_ros/share/apriltag_ros/cfg/tags_standard41h12_5cm.yaml
[8.100s] -- Up-to-date symlink: /home/nvidia/april_tag/install/apriltag_ros/share/apriltag_ros/launch/camera_36h11.launch.yml
[8.100s] -- Up-to-date symlink: /home/nvidia/april_tag/install/apriltag_ros/share/ament_index/resource_index/package_run_dependencies/apriltag_ros
[8.100s] -- Up-to-date symlink: /home/nvidia/april_tag/install/apriltag_ros/share/ament_index/resource_index/parent_prefix_path/apriltag_ros
[8.100s] -- Up-to-date symlink: /home/nvidia/april_tag/install/apriltag_ros/share/apriltag_ros/environment/ament_prefix_path.sh
[8.100s] -- Up-to-date symlink: /home/nvidia/april_tag/install/apriltag_ros/share/apriltag_ros/environment/ament_prefix_path.dsv
[8.100s] -- Up-to-date symlink: /home/nvidia/april_tag/install/apriltag_ros/share/apriltag_ros/environment/path.sh
[8.100s] -- Up-to-date symlink: /home/nvidia/april_tag/install/apriltag_ros/share/apriltag_ros/environment/path.dsv
[8.101s] -- Up-to-date symlink: /home/nvidia/april_tag/install/apriltag_ros/share/apriltag_ros/local_setup.bash
[8.101s] -- Up-to-date symlink: /home/nvidia/april_tag/install/apriltag_ros/share/apriltag_ros/local_setup.sh
[8.101s] -- Up-to-date symlink: /home/nvidia/april_tag/install/apriltag_ros/share/apriltag_ros/local_setup.zsh
[8.101s] -- Up-to-date symlink: /home/nvidia/april_tag/install/apriltag_ros/share/apriltag_ros/local_setup.dsv
[8.101s] -- Symlinking: /home/nvidia/april_tag/install/apriltag_ros/share/apriltag_ros/package.dsv
[8.115s] -- Up-to-date symlink: /home/nvidia/april_tag/install/apriltag_ros/share/ament_index/resource_index/packages/apriltag_ros
[8.115s] -- Up-to-date symlink: /home/nvidia/april_tag/install/apriltag_ros/share/ament_index/resource_index/rclcpp_components/apriltag_ros
[8.115s] -- Up-to-date symlink: /home/nvidia/april_tag/install/apriltag_ros/share/apriltag_ros/cmake/apriltag_rosConfig.cmake
[8.115s] -- Up-to-date symlink: /home/nvidia/april_tag/install/apriltag_ros/share/apriltag_ros/cmake/apriltag_rosConfig-version.cmake
[8.115s] -- Up-to-date symlink: /home/nvidia/april_tag/install/apriltag_ros/share/apriltag_ros/package.xml
[8.117s] Invoked command in '/home/nvidia/april_tag/build/apriltag_ros' returned '0': CMAKE_PREFIX_PATH=${CMAKE_PREFIX_PATH}:/home/nvidia/ros2_ws/install/cube_pose_fuser:/opt/ros/humble /usr/bin/cmake --install /home/nvidia/april_tag/build/apriltag_ros
