[0.012s] Invoking command in '/home/nvidia/april_tag/build/apriltag_ros': CMAKE_PREFIX_PATH=${CMAKE_PREFIX_PATH}:/home/nvidia/ros2_ws/install/cube_pose_fuser:/opt/ros/humble /usr/bin/cmake --build /home/nvidia/april_tag/build/apriltag_ros -- -j4 -l4
[0.074s] [35m[1mConsolidate compiler generated dependencies of target tags[0m
[0.074s] [35m[1mConsolidate compiler generated dependencies of target apriltag_node[0m
[0.076s] [35m[1mConsolidate compiler generated dependencies of target conversion[0m
[0.089s] [ 20%] Built target conversion
[0.090s] [ 40%] Built target tags
[0.093s] [ 60%] Built target apriltag_node
[0.100s] [35m[1mConsolidate compiler generated dependencies of target pose_estimation[0m
[0.117s] [ 80%] Built target pose_estimation
[0.129s] [35m[1mConsolidate compiler generated dependencies of target AprilTagNode[0m
[0.150s] [100%] Built target AprilTagNode
[0.161s] Invoked command in '/home/nvidia/april_tag/build/apriltag_ros' returned '0': CMAKE_PREFIX_PATH=${CMAKE_PREFIX_PATH}:/home/nvidia/ros2_ws/install/cube_pose_fuser:/opt/ros/humble /usr/bin/cmake --build /home/nvidia/april_tag/build/apriltag_ros -- -j4 -l4
[0.173s] Invoking command in '/home/nvidia/april_tag/build/apriltag_ros': CMAKE_PREFIX_PATH=${CMAKE_PREFIX_PATH}:/home/nvidia/ros2_ws/install/cube_pose_fuser:/opt/ros/humble /usr/bin/cmake --install /home/nvidia/april_tag/build/apriltag_ros
[0.181s] -- Install configuration: ""
[0.182s] -- Execute custom install script
[0.182s] -- Up-to-date symlink: /home/nvidia/april_tag/install/apriltag_ros/lib/apriltag_ros/apriltag_node
[0.183s] -- Up-to-date symlink: /home/nvidia/april_tag/install/apriltag_ros/share/apriltag_ros/environment/library_path.sh
[0.183s] -- Up-to-date symlink: /home/nvidia/april_tag/install/apriltag_ros/share/apriltag_ros/environment/library_path.dsv
[0.183s] -- Up-to-date symlink: /home/nvidia/april_tag/install/apriltag_ros/lib/libAprilTagNode.so
[0.183s] -- Up-to-date symlink: /home/nvidia/april_tag/install/apriltag_ros/share/apriltag_ros/cfg/tags_36h11.yaml
[0.184s] -- Symlinking: /home/nvidia/april_tag/install/apriltag_ros/share/apriltag_ros/cfg/tags_standard41h12_5cm.yaml
[0.196s] -- Up-to-date symlink: /home/nvidia/april_tag/install/apriltag_ros/share/apriltag_ros/launch/camera_36h11.launch.yml
[0.196s] -- Up-to-date symlink: /home/nvidia/april_tag/install/apriltag_ros/share/ament_index/resource_index/package_run_dependencies/apriltag_ros
[0.196s] -- Up-to-date symlink: /home/nvidia/april_tag/install/apriltag_ros/share/ament_index/resource_index/parent_prefix_path/apriltag_ros
[0.197s] -- Up-to-date symlink: /home/nvidia/april_tag/install/apriltag_ros/share/apriltag_ros/environment/ament_prefix_path.sh
[0.197s] -- Up-to-date symlink: /home/nvidia/april_tag/install/apriltag_ros/share/apriltag_ros/environment/ament_prefix_path.dsv
[0.197s] -- Up-to-date symlink: /home/nvidia/april_tag/install/apriltag_ros/share/apriltag_ros/environment/path.sh
[0.197s] -- Up-to-date symlink: /home/nvidia/april_tag/install/apriltag_ros/share/apriltag_ros/environment/path.dsv
[0.198s] -- Up-to-date symlink: /home/nvidia/april_tag/install/apriltag_ros/share/apriltag_ros/local_setup.bash
[0.198s] -- Up-to-date symlink: /home/nvidia/april_tag/install/apriltag_ros/share/apriltag_ros/local_setup.sh
[0.198s] -- Up-to-date symlink: /home/nvidia/april_tag/install/apriltag_ros/share/apriltag_ros/local_setup.zsh
[0.198s] -- Up-to-date symlink: /home/nvidia/april_tag/install/apriltag_ros/share/apriltag_ros/local_setup.dsv
[0.199s] -- Symlinking: /home/nvidia/april_tag/install/apriltag_ros/share/apriltag_ros/package.dsv
[0.208s] -- Up-to-date symlink: /home/nvidia/april_tag/install/apriltag_ros/share/ament_index/resource_index/packages/apriltag_ros
[0.209s] -- Up-to-date symlink: /home/nvidia/april_tag/install/apriltag_ros/share/ament_index/resource_index/rclcpp_components/apriltag_ros
[0.209s] -- Up-to-date symlink: /home/nvidia/april_tag/install/apriltag_ros/share/apriltag_ros/cmake/apriltag_rosConfig.cmake
[0.209s] -- Up-to-date symlink: /home/nvidia/april_tag/install/apriltag_ros/share/apriltag_ros/cmake/apriltag_rosConfig-version.cmake
[0.210s] -- Up-to-date symlink: /home/nvidia/april_tag/install/apriltag_ros/share/apriltag_ros/package.xml
[0.213s] Invoked command in '/home/nvidia/april_tag/build/apriltag_ros' returned '0': CMAKE_PREFIX_PATH=${CMAKE_PREFIX_PATH}:/home/nvidia/ros2_ws/install/cube_pose_fuser:/opt/ros/humble /usr/bin/cmake --install /home/nvidia/april_tag/build/apriltag_ros
