[0.129s] DEBUG:colcon:Command line arguments: ['/usr/bin/colcon', 'build', '--symlink-install']
[0.129s] DEBUG:colcon:Parsed command line arguments: Namespace(log_base=None, log_level=None, verb_name='build', build_base='build', install_base='install', merge_install=False, symlink_install=True, test_result_base=None, continue_on_error=False, executor='parallel', parallel_workers=4, event_handlers=None, ignore_user_meta=False, metas=['./colcon.meta'], base_paths=['.'], packages_ignore=None, packages_ignore_regex=None, paths=None, packages_up_to=None, packages_up_to_regex=None, packages_above=None, packages_above_and_dependencies=None, packages_above_depth=None, packages_select_by_dep=None, packages_skip_by_dep=None, packages_skip_up_to=None, packages_select_build_failed=False, packages_skip_build_finished=False, packages_select_test_failures=False, packages_skip_test_passed=False, packages_select=None, packages_skip=None, packages_select_regex=None, packages_skip_regex=None, packages_start=None, packages_end=None, allow_overriding=[], cmake_args=None, cmake_target=None, cmake_target_skip_unavailable=False, cmake_clean_cache=False, cmake_clean_first=False, cmake_force_configure=False, ament_cmake_args=None, catkin_cmake_args=None, catkin_skip_building_tests=False, verb_parser=<colcon_defaults.argument_parser.defaults.DefaultArgumentsDecorator object at 0x797bb8b33f40>, verb_extension=<colcon_core.verb.build.BuildVerb object at 0x797bb8c692d0>, main=<bound method BuildVerb.main of <colcon_core.verb.build.BuildVerb object at 0x797bb8c692d0>>)
[0.321s] Level 1:colcon.colcon_core.package_discovery:discover_packages(colcon_meta) check parameters
[0.321s] Level 1:colcon.colcon_core.package_discovery:discover_packages(recursive) check parameters
[0.321s] Level 1:colcon.colcon_core.package_discovery:discover_packages(ignore) check parameters
[0.321s] Level 1:colcon.colcon_core.package_discovery:discover_packages(path) check parameters
[0.321s] Level 1:colcon.colcon_core.package_discovery:discover_packages(colcon_meta) discover
[0.321s] Level 1:colcon.colcon_core.package_discovery:discover_packages(recursive) discover
[0.321s] INFO:colcon.colcon_core.package_discovery:Crawling recursively for packages in '/home/nvidia/april_tag'
[0.321s] Level 1:colcon.colcon_core.package_identification:_identify(.) by extensions ['ignore', 'ignore_ament_install']
[0.321s] Level 1:colcon.colcon_core.package_identification:_identify(.) by extension 'ignore'
[0.321s] Level 1:colcon.colcon_core.package_identification:_identify(.) by extension 'ignore_ament_install'
[0.321s] Level 1:colcon.colcon_core.package_identification:_identify(.) by extensions ['colcon_pkg']
[0.322s] Level 1:colcon.colcon_core.package_identification:_identify(.) by extension 'colcon_pkg'
[0.322s] Level 1:colcon.colcon_core.package_identification:_identify(.) by extensions ['colcon_meta']
[0.322s] Level 1:colcon.colcon_core.package_identification:_identify(.) by extension 'colcon_meta'
[0.322s] Level 1:colcon.colcon_core.package_identification:_identify(.) by extensions ['ros']
[0.322s] Level 1:colcon.colcon_core.package_identification:_identify(.) by extension 'ros'
[0.336s] Level 1:colcon.colcon_core.package_identification:_identify(.) by extensions ['cmake', 'python']
[0.336s] Level 1:colcon.colcon_core.package_identification:_identify(.) by extension 'cmake'
[0.336s] Level 1:colcon.colcon_core.package_identification:_identify(.) by extension 'python'
[0.336s] Level 1:colcon.colcon_core.package_identification:_identify(.) by extensions ['python_setup_py']
[0.336s] Level 1:colcon.colcon_core.package_identification:_identify(.) by extension 'python_setup_py'
[0.336s] Level 1:colcon.colcon_core.package_identification:_identify(build) by extensions ['ignore', 'ignore_ament_install']
[0.336s] Level 1:colcon.colcon_core.package_identification:_identify(build) by extension 'ignore'
[0.336s] Level 1:colcon.colcon_core.package_identification:_identify(build) ignored
[0.336s] Level 1:colcon.colcon_core.package_identification:_identify(install) by extensions ['ignore', 'ignore_ament_install']
[0.336s] Level 1:colcon.colcon_core.package_identification:_identify(install) by extension 'ignore'
[0.336s] Level 1:colcon.colcon_core.package_identification:_identify(install) ignored
[0.337s] Level 1:colcon.colcon_core.package_identification:_identify(log) by extensions ['ignore', 'ignore_ament_install']
[0.337s] Level 1:colcon.colcon_core.package_identification:_identify(log) by extension 'ignore'
[0.337s] Level 1:colcon.colcon_core.package_identification:_identify(log) ignored
[0.337s] Level 1:colcon.colcon_core.package_identification:_identify(src) by extensions ['ignore', 'ignore_ament_install']
[0.337s] Level 1:colcon.colcon_core.package_identification:_identify(src) by extension 'ignore'
[0.337s] Level 1:colcon.colcon_core.package_identification:_identify(src) by extension 'ignore_ament_install'
[0.337s] Level 1:colcon.colcon_core.package_identification:_identify(src) by extensions ['colcon_pkg']
[0.337s] Level 1:colcon.colcon_core.package_identification:_identify(src) by extension 'colcon_pkg'
[0.337s] Level 1:colcon.colcon_core.package_identification:_identify(src) by extensions ['colcon_meta']
[0.337s] Level 1:colcon.colcon_core.package_identification:_identify(src) by extension 'colcon_meta'
[0.337s] Level 1:colcon.colcon_core.package_identification:_identify(src) by extensions ['ros']
[0.337s] Level 1:colcon.colcon_core.package_identification:_identify(src) by extension 'ros'
[0.337s] Level 1:colcon.colcon_core.package_identification:_identify(src) by extensions ['cmake', 'python']
[0.337s] Level 1:colcon.colcon_core.package_identification:_identify(src) by extension 'cmake'
[0.337s] Level 1:colcon.colcon_core.package_identification:_identify(src) by extension 'python'
[0.337s] Level 1:colcon.colcon_core.package_identification:_identify(src) by extensions ['python_setup_py']
[0.337s] Level 1:colcon.colcon_core.package_identification:_identify(src) by extension 'python_setup_py'
[0.337s] Level 1:colcon.colcon_core.package_identification:_identify(src/apriltag_ros) by extensions ['ignore', 'ignore_ament_install']
[0.338s] Level 1:colcon.colcon_core.package_identification:_identify(src/apriltag_ros) by extension 'ignore'
[0.338s] Level 1:colcon.colcon_core.package_identification:_identify(src/apriltag_ros) by extension 'ignore_ament_install'
[0.338s] Level 1:colcon.colcon_core.package_identification:_identify(src/apriltag_ros) by extensions ['colcon_pkg']
[0.338s] Level 1:colcon.colcon_core.package_identification:_identify(src/apriltag_ros) by extension 'colcon_pkg'
[0.338s] Level 1:colcon.colcon_core.package_identification:_identify(src/apriltag_ros) by extensions ['colcon_meta']
[0.338s] Level 1:colcon.colcon_core.package_identification:_identify(src/apriltag_ros) by extension 'colcon_meta'
[0.338s] Level 1:colcon.colcon_core.package_identification:_identify(src/apriltag_ros) by extensions ['ros']
[0.338s] Level 1:colcon.colcon_core.package_identification:_identify(src/apriltag_ros) by extension 'ros'
[0.343s] DEBUG:colcon.colcon_core.package_identification:Package 'src/apriltag_ros' with type 'ros.ament_cmake' and name 'apriltag_ros'
[0.343s] Level 1:colcon.colcon_core.package_discovery:discover_packages(recursive) using defaults
[0.343s] Level 1:colcon.colcon_core.package_discovery:discover_packages(ignore) discover
[0.343s] Level 1:colcon.colcon_core.package_discovery:discover_packages(ignore) using defaults
[0.343s] Level 1:colcon.colcon_core.package_discovery:discover_packages(path) discover
[0.343s] Level 1:colcon.colcon_core.package_discovery:discover_packages(path) using defaults
[0.384s] Level 1:colcon.colcon_core.package_discovery:discover_packages(prefix_path) check parameters
[0.384s] Level 1:colcon.colcon_core.package_discovery:discover_packages(prefix_path) discover
[0.386s] DEBUG:colcon.colcon_installed_package_information.package_discovery:Found 1 installed packages in /home/nvidia/april_tag/install
[0.386s] DEBUG:colcon.colcon_installed_package_information.package_discovery:Found 1 installed packages in /home/nvidia/ros2_ws/install
[0.388s] DEBUG:colcon.colcon_installed_package_information.package_discovery:Found 291 installed packages in /opt/ros/humble
[0.390s] Level 1:colcon.colcon_core.package_discovery:discover_packages(prefix_path) using defaults
[0.436s] Level 5:colcon.colcon_core.verb:set package 'apriltag_ros' build argument 'cmake_args' from command line to 'None'
[0.436s] Level 5:colcon.colcon_core.verb:set package 'apriltag_ros' build argument 'cmake_target' from command line to 'None'
[0.436s] Level 5:colcon.colcon_core.verb:set package 'apriltag_ros' build argument 'cmake_target_skip_unavailable' from command line to 'False'
[0.436s] Level 5:colcon.colcon_core.verb:set package 'apriltag_ros' build argument 'cmake_clean_cache' from command line to 'False'
[0.437s] Level 5:colcon.colcon_core.verb:set package 'apriltag_ros' build argument 'cmake_clean_first' from command line to 'False'
[0.437s] Level 5:colcon.colcon_core.verb:set package 'apriltag_ros' build argument 'cmake_force_configure' from command line to 'False'
[0.437s] Level 5:colcon.colcon_core.verb:set package 'apriltag_ros' build argument 'ament_cmake_args' from command line to 'None'
[0.437s] Level 5:colcon.colcon_core.verb:set package 'apriltag_ros' build argument 'catkin_cmake_args' from command line to 'None'
[0.437s] Level 5:colcon.colcon_core.verb:set package 'apriltag_ros' build argument 'catkin_skip_building_tests' from command line to 'False'
[0.437s] DEBUG:colcon.colcon_core.verb:Building package 'apriltag_ros' with the following arguments: {'ament_cmake_args': None, 'build_base': '/home/nvidia/april_tag/build/apriltag_ros', 'catkin_cmake_args': None, 'catkin_skip_building_tests': False, 'cmake_args': None, 'cmake_clean_cache': False, 'cmake_clean_first': False, 'cmake_force_configure': False, 'cmake_target': None, 'cmake_target_skip_unavailable': False, 'install_base': '/home/nvidia/april_tag/install/apriltag_ros', 'merge_install': False, 'path': '/home/nvidia/april_tag/src/apriltag_ros', 'symlink_install': True, 'test_result_base': None}
[0.437s] INFO:colcon.colcon_core.executor:Executing jobs using 'parallel' executor
[0.438s] DEBUG:colcon.colcon_parallel_executor.executor.parallel:run_until_complete
[0.438s] INFO:colcon.colcon_ros.task.ament_cmake.build:Building ROS package in '/home/nvidia/april_tag/src/apriltag_ros' with build type 'ament_cmake'
[0.438s] INFO:colcon.colcon_cmake.task.cmake.build:Building CMake package in '/home/nvidia/april_tag/src/apriltag_ros'
[0.440s] INFO:colcon.colcon_core.plugin_system:Skipping extension 'colcon_core.shell.bat': Not used on non-Windows systems
[0.441s] INFO:colcon.colcon_core.shell:Skip shell extension 'powershell' for command environment: Not usable outside of PowerShell
[0.441s] DEBUG:colcon.colcon_core.shell:Skip shell extension 'dsv' for command environment
[0.453s] DEBUG:colcon.colcon_core.event_handler.log_command:Invoking command in '/home/nvidia/april_tag/build/apriltag_ros': CMAKE_PREFIX_PATH=${CMAKE_PREFIX_PATH}:/home/nvidia/ros2_ws/install/cube_pose_fuser:/opt/ros/humble /usr/bin/cmake --build /home/nvidia/april_tag/build/apriltag_ros -- -j4 -l4
[8.509s] DEBUG:colcon.colcon_core.event_handler.log_command:Invoked command in '/home/nvidia/april_tag/build/apriltag_ros' returned '0': CMAKE_PREFIX_PATH=${CMAKE_PREFIX_PATH}:/home/nvidia/ros2_ws/install/cube_pose_fuser:/opt/ros/humble /usr/bin/cmake --build /home/nvidia/april_tag/build/apriltag_ros -- -j4 -l4
[8.524s] DEBUG:colcon.colcon_core.event_handler.log_command:Invoking command in '/home/nvidia/april_tag/build/apriltag_ros': CMAKE_PREFIX_PATH=${CMAKE_PREFIX_PATH}:/home/nvidia/ros2_ws/install/cube_pose_fuser:/opt/ros/humble /usr/bin/cmake --install /home/nvidia/april_tag/build/apriltag_ros
[8.555s] Level 1:colcon.colcon_core.environment:create_environment_scripts_only(apriltag_ros)
[8.556s] DEBUG:colcon.colcon_core.event_handler.log_command:Invoked command in '/home/nvidia/april_tag/build/apriltag_ros' returned '0': CMAKE_PREFIX_PATH=${CMAKE_PREFIX_PATH}:/home/nvidia/ros2_ws/install/cube_pose_fuser:/opt/ros/humble /usr/bin/cmake --install /home/nvidia/april_tag/build/apriltag_ros
[8.558s] Level 1:colcon.colcon_core.environment:checking '/home/nvidia/april_tag/install/apriltag_ros' for CMake module files
[8.559s] Level 1:colcon.colcon_core.environment:checking '/home/nvidia/april_tag/install/apriltag_ros' for CMake config files
[8.560s] Level 1:colcon.colcon_core.shell:create_environment_hook('apriltag_ros', 'cmake_prefix_path')
[8.560s] INFO:colcon.colcon_core.shell:Creating environment hook '/home/nvidia/april_tag/install/apriltag_ros/share/apriltag_ros/hook/cmake_prefix_path.ps1'
[8.561s] INFO:colcon.colcon_core.shell:Creating environment descriptor '/home/nvidia/april_tag/install/apriltag_ros/share/apriltag_ros/hook/cmake_prefix_path.dsv'
[8.562s] INFO:colcon.colcon_core.shell:Creating environment hook '/home/nvidia/april_tag/install/apriltag_ros/share/apriltag_ros/hook/cmake_prefix_path.sh'
[8.563s] Level 1:colcon.colcon_core.environment:checking '/home/nvidia/april_tag/install/apriltag_ros/lib'
[8.563s] Level 1:colcon.colcon_core.shell:create_environment_hook('apriltag_ros', 'ld_library_path_lib')
[8.564s] INFO:colcon.colcon_core.shell:Creating environment hook '/home/nvidia/april_tag/install/apriltag_ros/share/apriltag_ros/hook/ld_library_path_lib.ps1'
[8.564s] INFO:colcon.colcon_core.shell:Creating environment descriptor '/home/nvidia/april_tag/install/apriltag_ros/share/apriltag_ros/hook/ld_library_path_lib.dsv'
[8.564s] INFO:colcon.colcon_core.shell:Creating environment hook '/home/nvidia/april_tag/install/apriltag_ros/share/apriltag_ros/hook/ld_library_path_lib.sh'
[8.565s] Level 1:colcon.colcon_core.environment:checking '/home/nvidia/april_tag/install/apriltag_ros/bin'
[8.565s] Level 1:colcon.colcon_core.environment:checking '/home/nvidia/april_tag/install/apriltag_ros/lib/pkgconfig/apriltag_ros.pc'
[8.565s] Level 1:colcon.colcon_core.environment:checking '/home/nvidia/april_tag/install/apriltag_ros/lib/python3.10/site-packages'
[8.566s] Level 1:colcon.colcon_core.environment:checking '/home/nvidia/april_tag/install/apriltag_ros/bin'
[8.566s] INFO:colcon.colcon_core.shell:Creating package script '/home/nvidia/april_tag/install/apriltag_ros/share/apriltag_ros/package.ps1'
[8.567s] INFO:colcon.colcon_core.shell:Creating package descriptor '/home/nvidia/april_tag/install/apriltag_ros/share/apriltag_ros/package.dsv'
[8.568s] INFO:colcon.colcon_core.shell:Creating package script '/home/nvidia/april_tag/install/apriltag_ros/share/apriltag_ros/package.sh'
[8.569s] INFO:colcon.colcon_core.shell:Creating package script '/home/nvidia/april_tag/install/apriltag_ros/share/apriltag_ros/package.bash'
[8.570s] INFO:colcon.colcon_core.shell:Creating package script '/home/nvidia/april_tag/install/apriltag_ros/share/apriltag_ros/package.zsh'
[8.570s] Level 1:colcon.colcon_core.environment:create_file_with_runtime_dependencies(/home/nvidia/april_tag/install/apriltag_ros/share/colcon-core/packages/apriltag_ros)
[8.571s] Level 1:colcon.colcon_core.environment:create_environment_scripts_only(apriltag_ros)
[8.572s] Level 1:colcon.colcon_core.environment:checking '/home/nvidia/april_tag/install/apriltag_ros' for CMake module files
[8.572s] Level 1:colcon.colcon_core.environment:checking '/home/nvidia/april_tag/install/apriltag_ros' for CMake config files
[8.573s] Level 1:colcon.colcon_core.shell:create_environment_hook('apriltag_ros', 'cmake_prefix_path')
[8.573s] INFO:colcon.colcon_core.shell:Creating environment hook '/home/nvidia/april_tag/install/apriltag_ros/share/apriltag_ros/hook/cmake_prefix_path.ps1'
[8.573s] INFO:colcon.colcon_core.shell:Creating environment descriptor '/home/nvidia/april_tag/install/apriltag_ros/share/apriltag_ros/hook/cmake_prefix_path.dsv'
[8.574s] INFO:colcon.colcon_core.shell:Creating environment hook '/home/nvidia/april_tag/install/apriltag_ros/share/apriltag_ros/hook/cmake_prefix_path.sh'
[8.574s] Level 1:colcon.colcon_core.environment:checking '/home/nvidia/april_tag/install/apriltag_ros/lib'
[8.574s] Level 1:colcon.colcon_core.shell:create_environment_hook('apriltag_ros', 'ld_library_path_lib')
[8.575s] INFO:colcon.colcon_core.shell:Creating environment hook '/home/nvidia/april_tag/install/apriltag_ros/share/apriltag_ros/hook/ld_library_path_lib.ps1'
[8.575s] INFO:colcon.colcon_core.shell:Creating environment descriptor '/home/nvidia/april_tag/install/apriltag_ros/share/apriltag_ros/hook/ld_library_path_lib.dsv'
[8.575s] INFO:colcon.colcon_core.shell:Creating environment hook '/home/nvidia/april_tag/install/apriltag_ros/share/apriltag_ros/hook/ld_library_path_lib.sh'
[8.576s] Level 1:colcon.colcon_core.environment:checking '/home/nvidia/april_tag/install/apriltag_ros/bin'
[8.576s] Level 1:colcon.colcon_core.environment:checking '/home/nvidia/april_tag/install/apriltag_ros/lib/pkgconfig/apriltag_ros.pc'
[8.576s] Level 1:colcon.colcon_core.environment:checking '/home/nvidia/april_tag/install/apriltag_ros/lib/python3.10/site-packages'
[8.576s] Level 1:colcon.colcon_core.environment:checking '/home/nvidia/april_tag/install/apriltag_ros/bin'
[8.577s] INFO:colcon.colcon_core.shell:Creating package script '/home/nvidia/april_tag/install/apriltag_ros/share/apriltag_ros/package.ps1'
[8.577s] INFO:colcon.colcon_core.shell:Creating package descriptor '/home/nvidia/april_tag/install/apriltag_ros/share/apriltag_ros/package.dsv'
[8.578s] INFO:colcon.colcon_core.shell:Creating package script '/home/nvidia/april_tag/install/apriltag_ros/share/apriltag_ros/package.sh'
[8.579s] INFO:colcon.colcon_core.shell:Creating package script '/home/nvidia/april_tag/install/apriltag_ros/share/apriltag_ros/package.bash'
[8.580s] INFO:colcon.colcon_core.shell:Creating package script '/home/nvidia/april_tag/install/apriltag_ros/share/apriltag_ros/package.zsh'
[8.580s] Level 1:colcon.colcon_core.environment:create_file_with_runtime_dependencies(/home/nvidia/april_tag/install/apriltag_ros/share/colcon-core/packages/apriltag_ros)
[8.581s] DEBUG:colcon.colcon_parallel_executor.executor.parallel:closing loop
[8.581s] DEBUG:colcon.colcon_parallel_executor.executor.parallel:loop closed
[8.581s] DEBUG:colcon.colcon_parallel_executor.executor.parallel:run_until_complete finished with '0'
[8.581s] DEBUG:colcon.colcon_core.event_reactor:joining thread
[8.588s] INFO:colcon.colcon_core.plugin_system:Skipping extension 'colcon_notification.desktop_notification.terminal_notifier': Not used on non-Darwin systems
[8.588s] INFO:colcon.colcon_core.plugin_system:Skipping extension 'colcon_notification.desktop_notification.win32': Not used on non-Windows systems
[8.588s] INFO:colcon.colcon_notification.desktop_notification:Sending desktop notification using 'notify2'
[8.606s] DEBUG:colcon.colcon_core.event_reactor:joined thread
[8.607s] INFO:colcon.colcon_core.shell:Creating prefix script '/home/nvidia/april_tag/install/local_setup.ps1'
[8.608s] INFO:colcon.colcon_core.shell:Creating prefix util module '/home/nvidia/april_tag/install/_local_setup_util_ps1.py'
[8.610s] INFO:colcon.colcon_core.shell:Creating prefix chain script '/home/nvidia/april_tag/install/setup.ps1'
[8.611s] INFO:colcon.colcon_core.shell:Creating prefix script '/home/nvidia/april_tag/install/local_setup.sh'
[8.613s] INFO:colcon.colcon_core.shell:Creating prefix util module '/home/nvidia/april_tag/install/_local_setup_util_sh.py'
[8.614s] INFO:colcon.colcon_core.shell:Creating prefix chain script '/home/nvidia/april_tag/install/setup.sh'
[8.615s] INFO:colcon.colcon_core.shell:Creating prefix script '/home/nvidia/april_tag/install/local_setup.bash'
[8.616s] INFO:colcon.colcon_core.shell:Creating prefix chain script '/home/nvidia/april_tag/install/setup.bash'
[8.617s] INFO:colcon.colcon_core.shell:Creating prefix script '/home/nvidia/april_tag/install/local_setup.zsh'
[8.618s] INFO:colcon.colcon_core.shell:Creating prefix chain script '/home/nvidia/april_tag/install/setup.zsh'
