[0.011s] Invoking command in '/home/nvidia/april_tag/build/apriltag_ros': CMAKE_PREFIX_PATH=/home/nvidia/ros2_ws/install/cube_pose_fuser:/opt/ros/humble /usr/bin/cmake /home/nvidia/april_tag/src/apriltag_ros -DAMENT_CMAKE_SYMLINK_INSTALL=1 -DCMAKE_INSTALL_PREFIX=/home/nvidia/april_tag/install/apriltag_ros
[0.148s] -- The C compiler identification is GNU 11.4.0
[0.251s] -- The CXX compiler identification is GNU 11.4.0
[0.261s] -- Detecting C compiler ABI info
[0.340s] -- Detecting C compiler ABI info - done
[0.348s] -- Check for working C compiler: /usr/bin/cc - skipped
[0.349s] -- Detecting C compile features
[0.349s] -- Detecting C compile features - done
[0.353s] -- Detecting CXX compiler ABI info
[0.442s] -- Detecting CXX compiler ABI info - done
[0.450s] -- Check for working CXX compiler: /usr/bin/c++ - skipped
[0.450s] -- Detecting CXX compile features
[0.450s] -- Detecting CXX compile features - done
[0.453s] -- Found rclcpp: 16.0.16 (/opt/ros/humble/share/rclcpp/cmake)
[0.625s] -- Found Python3: /usr/bin/python3 (found version "3.10.12") found components: Interpreter 
[0.702s] -- Override CMake install command with custom implementation using symlinks instead of copying resources
[0.799s] -- Found rosidl_generator_c: 3.1.7 (/opt/ros/humble/share/rosidl_generator_c/cmake)
[0.806s] -- Found rosidl_adapter: 3.1.7 (/opt/ros/humble/share/rosidl_adapter/cmake)
[0.817s] -- Found rosidl_generator_cpp: 3.1.7 (/opt/ros/humble/share/rosidl_generator_cpp/cmake)
[0.834s] -- Using all available rosidl_typesupport_c: rosidl_typesupport_fastrtps_c;rosidl_typesupport_introspection_c
[0.855s] -- Using all available rosidl_typesupport_cpp: rosidl_typesupport_fastrtps_cpp;rosidl_typesupport_introspection_cpp
[0.911s] -- Found rmw_implementation_cmake: 6.1.2 (/opt/ros/humble/share/rmw_implementation_cmake/cmake)
[0.914s] -- Found rmw_fastrtps_cpp: 6.2.9 (/opt/ros/humble/share/rmw_fastrtps_cpp/cmake)
[1.009s] -- Found OpenSSL: /usr/lib/x86_64-linux-gnu/libcrypto.so (found version "3.0.2")  
[1.036s] -- Found FastRTPS: /opt/ros/humble/include  
[1.076s] -- Using RMW implementation 'rmw_fastrtps_cpp' as default
[1.086s] -- Looking for pthread.h
[1.165s] -- Looking for pthread.h - found
[1.166s] -- Performing Test CMAKE_HAVE_LIBC_PTHREAD
[1.247s] -- Performing Test CMAKE_HAVE_LIBC_PTHREAD - Success
[1.248s] -- Found Threads: TRUE  
[1.318s] -- Found rclcpp_components: 16.0.16 (/opt/ros/humble/share/rclcpp_components/cmake)
[1.355s] -- Found sensor_msgs: 4.9.0 (/opt/ros/humble/share/sensor_msgs/cmake)
[1.396s] -- Found apriltag_msgs: 2.0.1 (/opt/ros/humble/share/apriltag_msgs/cmake)
[1.410s] -- Found tf2_ros: 0.25.17 (/opt/ros/humble/share/tf2_ros/cmake)
[1.504s] -- Found image_transport: 3.1.12 (/opt/ros/humble/share/image_transport/cmake)
[1.526s] -- Found cv_bridge: 3.2.1 (/opt/ros/humble/share/cv_bridge/cmake)
[1.549s] -- Found OpenCV: /usr (found version "4.5.4") found components: core calib3d 
[1.557s] -- Found ament_lint_auto: 0.12.14 (/opt/ros/humble/share/ament_lint_auto/cmake)
[1.649s] -- Added test 'clang_format' to check C / C++ code style
[1.652s] -- Added test 'cppcheck' to perform static code analysis on C / C++ code
[1.652s] -- Configured cppcheck include dirs: 
[1.653s] -- Configured cppcheck exclude dirs and/or files: 
[1.654s] -- Configuring done
[1.676s] -- Generating done
[1.683s] -- Build files have been written to: /home/nvidia/april_tag/build/apriltag_ros
[1.694s] Invoked command in '/home/nvidia/april_tag/build/apriltag_ros' returned '0': CMAKE_PREFIX_PATH=/home/nvidia/ros2_ws/install/cube_pose_fuser:/opt/ros/humble /usr/bin/cmake /home/nvidia/april_tag/src/apriltag_ros -DAMENT_CMAKE_SYMLINK_INSTALL=1 -DCMAKE_INSTALL_PREFIX=/home/nvidia/april_tag/install/apriltag_ros
[1.696s] Invoking command in '/home/nvidia/april_tag/build/apriltag_ros': CMAKE_PREFIX_PATH=/home/nvidia/ros2_ws/install/cube_pose_fuser:/opt/ros/humble /usr/bin/cmake --build /home/nvidia/april_tag/build/apriltag_ros -- -j4 -l4
[1.761s] [ 10%] [32mBuilding CXX object CMakeFiles/tags.dir/src/tag_functions.cpp.o[0m
[1.761s] [ 30%] [32mBuilding CXX object CMakeFiles/conversion.dir/src/conversion.cpp.o[0m
[1.761s] [ 30%] [32mBuilding CXX object CMakeFiles/apriltag_node.dir/rclcpp_components/node_main_apriltag_node.cpp.o[0m
[2.175s] [ 40%] [32m[1mLinking CXX static library libtags.a[0m
[2.213s] [ 40%] Built target tags
[3.665s] [ 50%] [32m[1mLinking CXX static library libconversion.a[0m
[3.702s] [ 50%] Built target conversion
[3.724s] [ 60%] [32mBuilding CXX object CMakeFiles/pose_estimation.dir/src/pose_estimation.cpp.o[0m
[5.581s] [ 80%] [32m[1mLinking CXX executable apriltag_node[0m
[5.582s] [ 80%] [32m[1mLinking CXX static library libpose_estimation.a[0m
[5.630s] [ 80%] Built target pose_estimation
[5.655s] [ 90%] [32mBuilding CXX object CMakeFiles/AprilTagNode.dir/src/AprilTagNode.cpp.o[0m
[5.772s] [ 90%] Built target apriltag_node
[12.180s] [100%] [32m[1mLinking CXX shared library libAprilTagNode.so[0m
[12.637s] [100%] Built target AprilTagNode
[12.648s] Invoked command in '/home/nvidia/april_tag/build/apriltag_ros' returned '0': CMAKE_PREFIX_PATH=/home/nvidia/ros2_ws/install/cube_pose_fuser:/opt/ros/humble /usr/bin/cmake --build /home/nvidia/april_tag/build/apriltag_ros -- -j4 -l4
[12.658s] Invoking command in '/home/nvidia/april_tag/build/apriltag_ros': CMAKE_PREFIX_PATH=/home/nvidia/ros2_ws/install/cube_pose_fuser:/opt/ros/humble /usr/bin/cmake --install /home/nvidia/april_tag/build/apriltag_ros
[12.666s] -- Install configuration: ""
[12.667s] -- Execute custom install script
[12.667s] -- Symlinking: /home/nvidia/april_tag/install/apriltag_ros/lib/apriltag_ros/apriltag_node
[12.676s] -- Symlinking: /home/nvidia/april_tag/install/apriltag_ros/share/apriltag_ros/environment/library_path.sh
[12.685s] -- Symlinking: /home/nvidia/april_tag/install/apriltag_ros/share/apriltag_ros/environment/library_path.dsv
[12.695s] -- Symlinking: /home/nvidia/april_tag/install/apriltag_ros/lib/libAprilTagNode.so
[12.705s] -- Symlinking: /home/nvidia/april_tag/install/apriltag_ros/share/apriltag_ros/cfg/tags_36h11.yaml
[12.715s] -- Symlinking: /home/nvidia/april_tag/install/apriltag_ros/share/apriltag_ros/launch/camera_36h11.launch.yml
[12.724s] -- Symlinking: /home/nvidia/april_tag/install/apriltag_ros/share/ament_index/resource_index/package_run_dependencies/apriltag_ros
[12.732s] -- Symlinking: /home/nvidia/april_tag/install/apriltag_ros/share/ament_index/resource_index/parent_prefix_path/apriltag_ros
[12.741s] -- Symlinking: /home/nvidia/april_tag/install/apriltag_ros/share/apriltag_ros/environment/ament_prefix_path.sh
[12.749s] -- Symlinking: /home/nvidia/april_tag/install/apriltag_ros/share/apriltag_ros/environment/ament_prefix_path.dsv
[12.758s] -- Symlinking: /home/nvidia/april_tag/install/apriltag_ros/share/apriltag_ros/environment/path.sh
[12.767s] -- Symlinking: /home/nvidia/april_tag/install/apriltag_ros/share/apriltag_ros/environment/path.dsv
[12.776s] -- Symlinking: /home/nvidia/april_tag/install/apriltag_ros/share/apriltag_ros/local_setup.bash
[12.784s] -- Symlinking: /home/nvidia/april_tag/install/apriltag_ros/share/apriltag_ros/local_setup.sh
[12.793s] -- Symlinking: /home/nvidia/april_tag/install/apriltag_ros/share/apriltag_ros/local_setup.zsh
[12.802s] -- Symlinking: /home/nvidia/april_tag/install/apriltag_ros/share/apriltag_ros/local_setup.dsv
[12.811s] -- Symlinking: /home/nvidia/april_tag/install/apriltag_ros/share/apriltag_ros/package.dsv
[12.819s] -- Symlinking: /home/nvidia/april_tag/install/apriltag_ros/share/ament_index/resource_index/packages/apriltag_ros
[12.828s] -- Symlinking: /home/nvidia/april_tag/install/apriltag_ros/share/ament_index/resource_index/rclcpp_components/apriltag_ros
[12.836s] -- Symlinking: /home/nvidia/april_tag/install/apriltag_ros/share/apriltag_ros/cmake/apriltag_rosConfig.cmake
[12.845s] -- Symlinking: /home/nvidia/april_tag/install/apriltag_ros/share/apriltag_ros/cmake/apriltag_rosConfig-version.cmake
[12.853s] -- Symlinking: /home/nvidia/april_tag/install/apriltag_ros/share/apriltag_ros/package.xml
[12.864s] Invoked command in '/home/nvidia/april_tag/build/apriltag_ros' returned '0': CMAKE_PREFIX_PATH=/home/nvidia/ros2_ws/install/cube_pose_fuser:/opt/ros/humble /usr/bin/cmake --install /home/nvidia/april_tag/build/apriltag_ros
